2024-08-01T17:35:31.724-03:00  INFO 19280 --- [main] c.g.j.apiusuario.ApiUsuarioApplication   : Starting ApiUsuarioApplication using Java 17.0.7 with PID 19280 (C:\wakanda\microservicos\ms-helph-desk\api-usuario\target\classes started by joane in C:\wakanda\microservicos\ms-helph-desk\api-usuario)
2024-08-01T17:35:31.733-03:00 DEBUG 19280 --- [main] c.g.j.apiusuario.ApiUsuarioApplication   : Running with Spring Boot v3.0.8, Spring v6.0.10
2024-08-01T17:35:31.735-03:00  INFO 19280 --- [main] c.g.j.apiusuario.ApiUsuarioApplication   : No active profile set, falling back to 1 default profile: "default"
2024-08-01T17:35:34.117-03:00  INFO 19280 --- [main] .s.d.r.c.RepositoryConfigurationDelegate : Bootstrapping Spring Data MongoDB repositories in DEFAULT mode.
2024-08-01T17:35:34.391-03:00  INFO 19280 --- [main] .s.d.r.c.RepositoryConfigurationDelegate : Finished Spring Data repository scanning in 262 ms. Found 2 MongoDB repository interfaces.
2024-08-01T17:35:36.010-03:00  INFO 19280 --- [main] o.s.b.w.embedded.tomcat.TomcatWebServer  : Tomcat initialized with port(s): 8081 (http)
2024-08-01T17:35:36.031-03:00  INFO 19280 --- [main] o.apache.catalina.core.StandardService   : Starting service [Tomcat]
2024-08-01T17:35:36.032-03:00  INFO 19280 --- [main] o.apache.catalina.core.StandardEngine    : Starting Servlet engine: [Apache Tomcat/10.1.10]
2024-08-01T17:35:36.290-03:00  INFO 19280 --- [main] o.a.c.c.C.[Tomcat].[localhost].[/api]    : Initializing Spring embedded WebApplicationContext
2024-08-01T17:35:36.346-03:00  INFO 19280 --- [main] w.s.c.ServletWebServerApplicationContext : Root WebApplicationContext: initialization completed in 4409 ms
2024-08-01T17:35:36.866-03:00  INFO 19280 --- [cluster-ClusterId{value='66abf198f32dd87bd1d88619', description='null'}-srv-wakandadev.cjsar7m.mongodb.net] org.mongodb.driver.cluster               : Adding discovered server ac-kpqphgb-shard-00-00.cjsar7m.mongodb.net:27017 to client view of cluster
2024-08-01T17:35:36.915-03:00  INFO 19280 --- [main] org.mongodb.driver.client                : MongoClient with metadata {"driver": {"name": "mongo-java-driver|sync|spring-boot", "version": "4.8.2"}, "os": {"type": "Windows", "name": "Windows 11", "architecture": "amd64", "version": "10.0"}, "platform": "Java/Eclipse Adoptium/17.0.7+7"} created with settings MongoClientSettings{readPreference=primary, writeConcern=WriteConcern{w=majority, wTimeout=null ms, journal=null}, retryWrites=true, retryReads=true, readConcern=ReadConcern{level=null}, credential=MongoCredential{mechanism=null, userName='helpDesk', source='admin', password=<hidden>, mechanismProperties=<hidden>}, streamFactoryFactory=null, commandListeners=[], codecRegistry=ProvidersCodecRegistry{codecProviders=[ValueCodecProvider{}, BsonValueCodecProvider{}, DBRefCodecProvider{}, DBObjectCodecProvider{}, DocumentCodecProvider{}, CollectionCodecProvider{}, IterableCodecProvider{}, MapCodecProvider{}, GeoJsonCodecProvider{}, GridFSFileCodecProvider{}, Jsr310CodecProvider{}, JsonObjectCodecProvider{}, BsonCodecProvider{}, EnumCodecProvider{}, com.mongodb.Jep395RecordCodecProvider@1f129467]}, clusterSettings={hosts=[127.0.0.1:27017], srvHost=wakandadev.cjsar7m.mongodb.net, srvServiceName=mongodb, mode=MULTIPLE, requiredClusterType=REPLICA_SET, requiredReplicaSetName='atlas-lus7r7-shard-0', serverSelector='null', clusterListeners='[]', serverSelectionTimeout='30000 ms', localThreshold='30000 ms'}, socketSettings=SocketSettings{connectTimeoutMS=10000, readTimeoutMS=0, receiveBufferSize=0, sendBufferSize=0}, heartbeatSocketSettings=SocketSettings{connectTimeoutMS=10000, readTimeoutMS=10000, receiveBufferSize=0, sendBufferSize=0}, connectionPoolSettings=ConnectionPoolSettings{maxSize=100, minSize=0, maxWaitTimeMS=120000, maxConnectionLifeTimeMS=0, maxConnectionIdleTimeMS=0, maintenanceInitialDelayMS=0, maintenanceFrequencyMS=60000, connectionPoolListeners=[], maxConnecting=2}, serverSettings=ServerSettings{heartbeatFrequencyMS=10000, minHeartbeatFrequencyMS=500, serverListeners='[]', serverMonitorListeners='[]'}, sslSettings=SslSettings{enabled=true, invalidHostNameAllowed=false, context=null}, applicationName='null', compressorList=[], uuidRepresentation=JAVA_LEGACY, serverApi=null, autoEncryptionSettings=null, contextProvider=null}
2024-08-01T17:35:36.948-03:00  INFO 19280 --- [cluster-ClusterId{value='66abf198f32dd87bd1d88619', description='null'}-srv-wakandadev.cjsar7m.mongodb.net] org.mongodb.driver.cluster               : Adding discovered server ac-kpqphgb-shard-00-02.cjsar7m.mongodb.net:27017 to client view of cluster
2024-08-01T17:35:36.952-03:00  INFO 19280 --- [cluster-ClusterId{value='66abf198f32dd87bd1d88619', description='null'}-srv-wakandadev.cjsar7m.mongodb.net] org.mongodb.driver.cluster               : Adding discovered server ac-kpqphgb-shard-00-01.cjsar7m.mongodb.net:27017 to client view of cluster
2024-08-01T17:35:38.372-03:00  INFO 19280 --- [main] org.mongodb.driver.cluster               : No server chosen by com.mongodb.client.internal.MongoClientDelegate$1@660b1a9d from cluster description ClusterDescription{type=REPLICA_SET, connectionMode=MULTIPLE, serverDescriptions=[ServerDescription{address=ac-kpqphgb-shard-00-02.cjsar7m.mongodb.net:27017, type=UNKNOWN, state=CONNECTING}, ServerDescription{address=ac-kpqphgb-shard-00-00.cjsar7m.mongodb.net:27017, type=UNKNOWN, state=CONNECTING}, ServerDescription{address=ac-kpqphgb-shard-00-01.cjsar7m.mongodb.net:27017, type=UNKNOWN, state=CONNECTING}]}. Waiting for 30000 ms before timing out
2024-08-01T17:35:38.719-03:00  INFO 19280 --- [cluster-ClusterId{value='66abf198f32dd87bd1d88619', description='null'}-ac-kpqphgb-shard-00-01.cjsar7m.mongodb.net:27017] org.mongodb.driver.cluster               : Monitor thread successfully connected to server with description ServerDescription{address=ac-kpqphgb-shard-00-01.cjsar7m.mongodb.net:27017, type=REPLICA_SET_SECONDARY, state=CONNECTED, ok=true, minWireVersion=0, maxWireVersion=21, maxDocumentSize=16777216, logicalSessionTimeoutMinutes=30, roundTripTimeNanos=792665601, setName='atlas-lus7r7-shard-0', canonicalAddress=ac-kpqphgb-shard-00-01.cjsar7m.mongodb.net:27017, hosts=[ac-kpqphgb-shard-00-00.cjsar7m.mongodb.net:27017, ac-kpqphgb-shard-00-01.cjsar7m.mongodb.net:27017, ac-kpqphgb-shard-00-02.cjsar7m.mongodb.net:27017], passives=[], arbiters=[], primary='ac-kpqphgb-shard-00-02.cjsar7m.mongodb.net:27017', tagSet=TagSet{[Tag{name='availabilityZone', value='sae1-az3'}, Tag{name='diskState', value='READY'}, Tag{name='nodeType', value='ELECTABLE'}, Tag{name='provider', value='AWS'}, Tag{name='region', value='SA_EAST_1'}, Tag{name='workloadType', value='OPERATIONAL'}]}, electionId=null, setVersion=6, topologyVersion=TopologyVersion{processId=6685939b15a94ba4e7b8420b, counter=3}, lastWriteDate=Thu Aug 01 17:35:37 BRT 2024, lastUpdateTimeNanos=281161370206200}
2024-08-01T17:35:38.727-03:00  INFO 19280 --- [cluster-ClusterId{value='66abf198f32dd87bd1d88619', description='null'}-ac-kpqphgb-shard-00-02.cjsar7m.mongodb.net:27017] org.mongodb.driver.cluster               : Monitor thread successfully connected to server with description ServerDescription{address=ac-kpqphgb-shard-00-02.cjsar7m.mongodb.net:27017, type=REPLICA_SET_PRIMARY, state=CONNECTED, ok=true, minWireVersion=0, maxWireVersion=21, maxDocumentSize=16777216, logicalSessionTimeoutMinutes=30, roundTripTimeNanos=806303101, setName='atlas-lus7r7-shard-0', canonicalAddress=ac-kpqphgb-shard-00-02.cjsar7m.mongodb.net:27017, hosts=[ac-kpqphgb-shard-00-00.cjsar7m.mongodb.net:27017, ac-kpqphgb-shard-00-01.cjsar7m.mongodb.net:27017, ac-kpqphgb-shard-00-02.cjsar7m.mongodb.net:27017], passives=[], arbiters=[], primary='ac-kpqphgb-shard-00-02.cjsar7m.mongodb.net:27017', tagSet=TagSet{[Tag{name='availabilityZone', value='sae1-az2'}, Tag{name='diskState', value='READY'}, Tag{name='nodeType', value='ELECTABLE'}, Tag{name='provider', value='AWS'}, Tag{name='region', value='SA_EAST_1'}, Tag{name='workloadType', value='OPERATIONAL'}]}, electionId=7fffffff0000000000000075, setVersion=6, topologyVersion=TopologyVersion{processId=6685934899b22c5c3c69b259, counter=6}, lastWriteDate=Thu Aug 01 17:35:37 BRT 2024, lastUpdateTimeNanos=281161381600400}
2024-08-01T17:35:38.733-03:00  INFO 19280 --- [cluster-ClusterId{value='66abf198f32dd87bd1d88619', description='null'}-ac-kpqphgb-shard-00-02.cjsar7m.mongodb.net:27017] org.mongodb.driver.cluster               : Discovered replica set primary ac-kpqphgb-shard-00-02.cjsar7m.mongodb.net:27017 with max election id 7fffffff0000000000000075 and max set version 6
2024-08-01T17:35:38.719-03:00  INFO 19280 --- [cluster-ClusterId{value='66abf198f32dd87bd1d88619', description='null'}-ac-kpqphgb-shard-00-00.cjsar7m.mongodb.net:27017] org.mongodb.driver.cluster               : Monitor thread successfully connected to server with description ServerDescription{address=ac-kpqphgb-shard-00-00.cjsar7m.mongodb.net:27017, type=REPLICA_SET_SECONDARY, state=CONNECTED, ok=true, minWireVersion=0, maxWireVersion=21, maxDocumentSize=16777216, logicalSessionTimeoutMinutes=30, roundTripTimeNanos=784785299, setName='atlas-lus7r7-shard-0', canonicalAddress=ac-kpqphgb-shard-00-00.cjsar7m.mongodb.net:27017, hosts=[ac-kpqphgb-shard-00-00.cjsar7m.mongodb.net:27017, ac-kpqphgb-shard-00-01.cjsar7m.mongodb.net:27017, ac-kpqphgb-shard-00-02.cjsar7m.mongodb.net:27017], passives=[], arbiters=[], primary='ac-kpqphgb-shard-00-02.cjsar7m.mongodb.net:27017', tagSet=TagSet{[Tag{name='availabilityZone', value='sae1-az1'}, Tag{name='diskState', value='READY'}, Tag{name='nodeType', value='ELECTABLE'}, Tag{name='provider', value='AWS'}, Tag{name='region', value='SA_EAST_1'}, Tag{name='workloadType', value='OPERATIONAL'}]}, electionId=null, setVersion=6, topologyVersion=TopologyVersion{processId=668592f70598a61acd24edc7, counter=4}, lastWriteDate=Thu Aug 01 17:35:37 BRT 2024, lastUpdateTimeNanos=281161370580100}
2024-08-01T17:35:42.533-03:00  WARN 19280 --- [main] .s.s.UserDetailsServiceAutoConfiguration : 

Using generated security password: 568067f5-5482-44e2-b3b9-cd28fee0c1d9

This generated password is for development use only. Your security configuration must be updated before running your application in production.

2024-08-01T17:35:42.765-03:00  INFO 19280 --- [main] o.s.s.web.DefaultSecurityFilterChain     : Will secure any request with [org.springframework.security.web.session.DisableEncodeUrlFilter@321c2a7, org.springframework.security.web.context.request.async.WebAsyncManagerIntegrationFilter@14b48f39, org.springframework.security.web.context.SecurityContextHolderFilter@31e22365, org.springframework.security.web.header.HeaderWriterFilter@452ec287, org.springframework.security.web.csrf.CsrfFilter@cfacf0, org.springframework.security.web.authentication.logout.LogoutFilter@5615f82d, org.springframework.security.web.authentication.UsernamePasswordAuthenticationFilter@18d22ecf, org.springframework.security.web.authentication.ui.DefaultLoginPageGeneratingFilter@39c5a105, org.springframework.security.web.authentication.ui.DefaultLogoutPageGeneratingFilter@13d1f898, org.springframework.security.web.authentication.www.BasicAuthenticationFilter@683fe7b5, org.springframework.security.web.savedrequest.RequestCacheAwareFilter@41bdaa81, org.springframework.security.web.servletapi.SecurityContextHolderAwareRequestFilter@289a4b90, org.springframework.security.web.authentication.AnonymousAuthenticationFilter@c87787d, org.springframework.security.web.access.ExceptionTranslationFilter@7be62956, org.springframework.security.web.access.intercept.AuthorizationFilter@651cedfb]
2024-08-01T17:35:42.938-03:00  INFO 19280 --- [main] o.s.b.w.embedded.tomcat.TomcatWebServer  : Tomcat started on port(s): 8081 (http) with context path '/api'
2024-08-01T17:35:42.985-03:00  INFO 19280 --- [main] c.g.j.apiusuario.ApiUsuarioApplication   : Started ApiUsuarioApplication in 12.582 seconds (process running for 15.758)
2024-08-01T17:40:36.625-03:00  INFO 19280 --- [http-nio-8081-exec-2] o.a.c.c.C.[Tomcat].[localhost].[/api]    : Initializing Spring DispatcherServlet 'dispatcherServlet'
2024-08-01T17:40:36.629-03:00  INFO 19280 --- [http-nio-8081-exec-2] o.s.web.servlet.DispatcherServlet        : Initializing Servlet 'dispatcherServlet'
2024-08-01T17:40:36.632-03:00  INFO 19280 --- [http-nio-8081-exec-2] o.s.web.servlet.DispatcherServlet        : Completed initialization in 1 ms
2024-08-01T17:40:36.898-03:00  WARN 19280 --- [http-nio-8081-exec-2] o.a.c.util.SessionIdGeneratorBase        : Creation of SecureRandom instance for session ID generation using [SHA1PRNG] took [205] milliseconds.
2024-08-01T18:06:26.996-03:00  INFO 19280 --- [RMI TCP Connection(38)-127.0.0.1] inMXBeanRegistrar$SpringApplicationAdmin : Application shutdown requested.
2024-08-01T18:06:28.895-03:00  INFO 19280 --- [RMI TCP Connection(38)-127.0.0.1] o.apache.catalina.core.StandardService   : Stopping service [Tomcat]
2024-08-01T18:06:29.428-03:00  INFO 19280 --- [RMI TCP Connection(38)-127.0.0.1] o.a.c.c.C.[Tomcat].[localhost].[/api]    : Destroying Spring FrameworkServlet 'dispatcherServlet'
2024-08-01T20:19:32.139-03:00  INFO 15240 --- [main] c.g.j.apiusuario.ApiUsuarioApplication   : Starting ApiUsuarioApplication using Java 17.0.7 with PID 15240 (C:\wakanda\microservicos\ms-helph-desk\api-usuario\target\classes started by joane in C:\wakanda\microservicos\ms-helph-desk\api-usuario)
2024-08-01T20:19:32.179-03:00 DEBUG 15240 --- [main] c.g.j.apiusuario.ApiUsuarioApplication   : Running with Spring Boot v3.0.8, Spring v6.0.10
2024-08-01T20:19:32.181-03:00  INFO 15240 --- [main] c.g.j.apiusuario.ApiUsuarioApplication   : No active profile set, falling back to 1 default profile: "default"
2024-08-01T20:19:36.785-03:00  INFO 15240 --- [main] .s.d.r.c.RepositoryConfigurationDelegate : Bootstrapping Spring Data MongoDB repositories in DEFAULT mode.
2024-08-01T20:19:37.311-03:00  INFO 15240 --- [main] .s.d.r.c.RepositoryConfigurationDelegate : Finished Spring Data repository scanning in 215 ms. Found 2 MongoDB repository interfaces.
2024-08-01T20:19:46.977-03:00  INFO 15240 --- [main] o.s.b.w.embedded.tomcat.TomcatWebServer  : Tomcat initialized with port(s): 8081 (http)
2024-08-01T20:19:47.175-03:00  INFO 15240 --- [main] o.apache.catalina.core.StandardService   : Starting service [Tomcat]
2024-08-01T20:19:47.177-03:00  INFO 15240 --- [main] o.apache.catalina.core.StandardEngine    : Starting Servlet engine: [Apache Tomcat/10.1.10]
2024-08-01T20:19:48.836-03:00  INFO 15240 --- [main] o.a.c.c.C.[Tomcat].[localhost].[/api]    : Initializing Spring embedded WebApplicationContext
2024-08-01T20:19:48.838-03:00  INFO 15240 --- [main] w.s.c.ServletWebServerApplicationContext : Root WebApplicationContext: initialization completed in 16412 ms
2024-08-01T20:19:49.845-03:00  INFO 15240 --- [cluster-ClusterId{value='66ac18150be9335bb64189d5', description='null'}-srv-wakandadev.cjsar7m.mongodb.net] org.mongodb.driver.cluster               : Adding discovered server ac-kpqphgb-shard-00-00.cjsar7m.mongodb.net:27017 to client view of cluster
2024-08-01T20:19:49.972-03:00  INFO 15240 --- [cluster-ClusterId{value='66ac18150be9335bb64189d5', description='null'}-srv-wakandadev.cjsar7m.mongodb.net] org.mongodb.driver.cluster               : Adding discovered server ac-kpqphgb-shard-00-02.cjsar7m.mongodb.net:27017 to client view of cluster
2024-08-01T20:19:49.974-03:00  INFO 15240 --- [cluster-ClusterId{value='66ac18150be9335bb64189d5', description='null'}-srv-wakandadev.cjsar7m.mongodb.net] org.mongodb.driver.cluster               : Adding discovered server ac-kpqphgb-shard-00-01.cjsar7m.mongodb.net:27017 to client view of cluster
2024-08-01T20:19:50.074-03:00  INFO 15240 --- [main] org.mongodb.driver.client                : MongoClient with metadata {"driver": {"name": "mongo-java-driver|sync|spring-boot", "version": "4.8.2"}, "os": {"type": "Windows", "name": "Windows 11", "architecture": "amd64", "version": "10.0"}, "platform": "Java/Eclipse Adoptium/17.0.7+7"} created with settings MongoClientSettings{readPreference=primary, writeConcern=WriteConcern{w=majority, wTimeout=null ms, journal=null}, retryWrites=true, retryReads=true, readConcern=ReadConcern{level=null}, credential=MongoCredential{mechanism=null, userName='helpDesk', source='admin', password=<hidden>, mechanismProperties=<hidden>}, streamFactoryFactory=null, commandListeners=[], codecRegistry=ProvidersCodecRegistry{codecProviders=[ValueCodecProvider{}, BsonValueCodecProvider{}, DBRefCodecProvider{}, DBObjectCodecProvider{}, DocumentCodecProvider{}, CollectionCodecProvider{}, IterableCodecProvider{}, MapCodecProvider{}, GeoJsonCodecProvider{}, GridFSFileCodecProvider{}, Jsr310CodecProvider{}, JsonObjectCodecProvider{}, BsonCodecProvider{}, EnumCodecProvider{}, com.mongodb.Jep395RecordCodecProvider@4b41587d]}, clusterSettings={hosts=[127.0.0.1:27017], srvHost=wakandadev.cjsar7m.mongodb.net, srvServiceName=mongodb, mode=MULTIPLE, requiredClusterType=REPLICA_SET, requiredReplicaSetName='atlas-lus7r7-shard-0', serverSelector='null', clusterListeners='[]', serverSelectionTimeout='30000 ms', localThreshold='30000 ms'}, socketSettings=SocketSettings{connectTimeoutMS=10000, readTimeoutMS=0, receiveBufferSize=0, sendBufferSize=0}, heartbeatSocketSettings=SocketSettings{connectTimeoutMS=10000, readTimeoutMS=10000, receiveBufferSize=0, sendBufferSize=0}, connectionPoolSettings=ConnectionPoolSettings{maxSize=100, minSize=0, maxWaitTimeMS=120000, maxConnectionLifeTimeMS=0, maxConnectionIdleTimeMS=0, maintenanceInitialDelayMS=0, maintenanceFrequencyMS=60000, connectionPoolListeners=[], maxConnecting=2}, serverSettings=ServerSettings{heartbeatFrequencyMS=10000, minHeartbeatFrequencyMS=500, serverListeners='[]', serverMonitorListeners='[]'}, sslSettings=SslSettings{enabled=true, invalidHostNameAllowed=false, context=null}, applicationName='null', compressorList=[], uuidRepresentation=JAVA_LEGACY, serverApi=null, autoEncryptionSettings=null, contextProvider=null}
2024-08-01T20:19:51.475-03:00  INFO 15240 --- [cluster-ClusterId{value='66ac18150be9335bb64189d5', description='null'}-ac-kpqphgb-shard-00-00.cjsar7m.mongodb.net:27017] org.mongodb.driver.cluster               : Monitor thread successfully connected to server with description ServerDescription{address=ac-kpqphgb-shard-00-00.cjsar7m.mongodb.net:27017, type=REPLICA_SET_SECONDARY, state=CONNECTED, ok=true, minWireVersion=0, maxWireVersion=21, maxDocumentSize=16777216, logicalSessionTimeoutMinutes=30, roundTripTimeNanos=435861500, setName='atlas-lus7r7-shard-0', canonicalAddress=ac-kpqphgb-shard-00-00.cjsar7m.mongodb.net:27017, hosts=[ac-kpqphgb-shard-00-00.cjsar7m.mongodb.net:27017, ac-kpqphgb-shard-00-01.cjsar7m.mongodb.net:27017, ac-kpqphgb-shard-00-02.cjsar7m.mongodb.net:27017], passives=[], arbiters=[], primary='ac-kpqphgb-shard-00-02.cjsar7m.mongodb.net:27017', tagSet=TagSet{[Tag{name='availabilityZone', value='sae1-az1'}, Tag{name='diskState', value='READY'}, Tag{name='nodeType', value='ELECTABLE'}, Tag{name='provider', value='AWS'}, Tag{name='region', value='SA_EAST_1'}, Tag{name='workloadType', value='OPERATIONAL'}]}, electionId=null, setVersion=6, topologyVersion=TopologyVersion{processId=668592f70598a61acd24edc7, counter=4}, lastWriteDate=Thu Aug 01 20:19:50 BRT 2024, lastUpdateTimeNanos=291014127496800}
2024-08-01T20:19:51.476-03:00  INFO 15240 --- [cluster-ClusterId{value='66ac18150be9335bb64189d5', description='null'}-ac-kpqphgb-shard-00-01.cjsar7m.mongodb.net:27017] org.mongodb.driver.cluster               : Monitor thread successfully connected to server with description ServerDescription{address=ac-kpqphgb-shard-00-01.cjsar7m.mongodb.net:27017, type=REPLICA_SET_SECONDARY, state=CONNECTED, ok=true, minWireVersion=0, maxWireVersion=21, maxDocumentSize=16777216, logicalSessionTimeoutMinutes=30, roundTripTimeNanos=458225200, setName='atlas-lus7r7-shard-0', canonicalAddress=ac-kpqphgb-shard-00-01.cjsar7m.mongodb.net:27017, hosts=[ac-kpqphgb-shard-00-00.cjsar7m.mongodb.net:27017, ac-kpqphgb-shard-00-01.cjsar7m.mongodb.net:27017, ac-kpqphgb-shard-00-02.cjsar7m.mongodb.net:27017], passives=[], arbiters=[], primary='ac-kpqphgb-shard-00-02.cjsar7m.mongodb.net:27017', tagSet=TagSet{[Tag{name='availabilityZone', value='sae1-az3'}, Tag{name='diskState', value='READY'}, Tag{name='nodeType', value='ELECTABLE'}, Tag{name='provider', value='AWS'}, Tag{name='region', value='SA_EAST_1'}, Tag{name='workloadType', value='OPERATIONAL'}]}, electionId=null, setVersion=6, topologyVersion=TopologyVersion{processId=6685939b15a94ba4e7b8420b, counter=3}, lastWriteDate=Thu Aug 01 20:19:50 BRT 2024, lastUpdateTimeNanos=291014130820400}
2024-08-01T20:19:51.475-03:00  INFO 15240 --- [cluster-ClusterId{value='66ac18150be9335bb64189d5', description='null'}-ac-kpqphgb-shard-00-02.cjsar7m.mongodb.net:27017] org.mongodb.driver.cluster               : Monitor thread successfully connected to server with description ServerDescription{address=ac-kpqphgb-shard-00-02.cjsar7m.mongodb.net:27017, type=REPLICA_SET_PRIMARY, state=CONNECTED, ok=true, minWireVersion=0, maxWireVersion=21, maxDocumentSize=16777216, logicalSessionTimeoutMinutes=30, roundTripTimeNanos=448924300, setName='atlas-lus7r7-shard-0', canonicalAddress=ac-kpqphgb-shard-00-02.cjsar7m.mongodb.net:27017, hosts=[ac-kpqphgb-shard-00-00.cjsar7m.mongodb.net:27017, ac-kpqphgb-shard-00-01.cjsar7m.mongodb.net:27017, ac-kpqphgb-shard-00-02.cjsar7m.mongodb.net:27017], passives=[], arbiters=[], primary='ac-kpqphgb-shard-00-02.cjsar7m.mongodb.net:27017', tagSet=TagSet{[Tag{name='availabilityZone', value='sae1-az2'}, Tag{name='diskState', value='READY'}, Tag{name='nodeType', value='ELECTABLE'}, Tag{name='provider', value='AWS'}, Tag{name='region', value='SA_EAST_1'}, Tag{name='workloadType', value='OPERATIONAL'}]}, electionId=7fffffff0000000000000075, setVersion=6, topologyVersion=TopologyVersion{processId=6685934899b22c5c3c69b259, counter=6}, lastWriteDate=Thu Aug 01 20:19:50 BRT 2024, lastUpdateTimeNanos=291014129433300}
2024-08-01T20:19:51.508-03:00  INFO 15240 --- [cluster-ClusterId{value='66ac18150be9335bb64189d5', description='null'}-ac-kpqphgb-shard-00-02.cjsar7m.mongodb.net:27017] org.mongodb.driver.cluster               : Discovered replica set primary ac-kpqphgb-shard-00-02.cjsar7m.mongodb.net:27017 with max election id 7fffffff0000000000000075 and max set version 6
2024-08-01T20:19:56.080-03:00  INFO 15240 --- [main] o.s.b.w.embedded.tomcat.TomcatWebServer  : Tomcat started on port(s): 8081 (http) with context path '/api'
2024-08-01T20:19:56.125-03:00  INFO 15240 --- [main] c.g.j.apiusuario.ApiUsuarioApplication   : Started ApiUsuarioApplication in 25.737 seconds (process running for 32.688)
2024-08-01T20:34:13.706-03:00  INFO 15240 --- [http-nio-8081-exec-1] o.a.c.c.C.[Tomcat].[localhost].[/api]    : Initializing Spring DispatcherServlet 'dispatcherServlet'
2024-08-01T20:34:13.792-03:00  INFO 15240 --- [http-nio-8081-exec-1] o.s.web.servlet.DispatcherServlet        : Initializing Servlet 'dispatcherServlet'
2024-08-01T20:34:14.975-03:00  INFO 15240 --- [http-nio-8081-exec-1] o.s.web.servlet.DispatcherServlet        : Completed initialization in 1157 ms
2024-08-01T20:34:18.803-03:00 DEBUG 15240 --- [http-nio-8081-exec-1] c.g.j.a.u.a.api.UsuarioRestController    : [start] UsuarioRestController - criaNovoUsuario
2024-08-01T20:34:18.805-03:00 DEBUG 15240 --- [http-nio-8081-exec-1] c.g.j.a.u.a.s.UsuarioApplicationService  : [start] UsuarioApplicationService - criaNovoUsuario
2024-08-01T20:34:18.835-03:00 DEBUG 15240 --- [http-nio-8081-exec-1] c.g.j.a.u.a.s.UsuarioApplicationService  : [usuarioRequest] UsuarioNovoRequest[nome=Joao Silva, email=admin@email.com, senha=123456, perfil=ADMIN]
2024-08-01T20:34:18.870-03:00 ERROR 15240 --- [http-nio-8081-exec-1] o.a.c.c.C.[.[.[.[dispatcherServlet]      : Servlet.service() for servlet [dispatcherServlet] in context with path [/api] threw exception [Request processing failed: java.lang.NullPointerException: Cannot invoke "com.github.joanersoncosta.hdcommonslib.usuario.domain.request.UsuarioNovoRequest.nome()" because "usuarioRequest" is null] with root cause

java.lang.NullPointerException: Cannot invoke "com.github.joanersoncosta.hdcommonslib.usuario.domain.request.UsuarioNovoRequest.nome()" because "usuarioRequest" is null
	at com.github.joanersoncosta.apiusuario.usuario.domain.Usuario.<init>(Usuario.java:35) ~[classes/:na]
	at com.github.joanersoncosta.apiusuario.usuario.application.service.mapper.UsuarioMapperImpl.converteUsuarioRequest(UsuarioMapperImpl.java:54) ~[classes/:na]
	at com.github.joanersoncosta.apiusuario.usuario.application.service.UsuarioApplicationService.criaNovoUsuario(UsuarioApplicationService.java:37) ~[classes/:na]
	at com.github.joanersoncosta.apiusuario.usuario.application.api.UsuarioRestController.criaNovoUsuario(UsuarioRestController.java:26) ~[classes/:na]
	at java.base/jdk.internal.reflect.NativeMethodAccessorImpl.invoke0(Native Method) ~[na:na]
	at java.base/jdk.internal.reflect.NativeMethodAccessorImpl.invoke(NativeMethodAccessorImpl.java:77) ~[na:na]
	at java.base/jdk.internal.reflect.DelegatingMethodAccessorImpl.invoke(DelegatingMethodAccessorImpl.java:43) ~[na:na]
	at java.base/java.lang.reflect.Method.invoke(Method.java:568) ~[na:na]
	at org.springframework.web.method.support.InvocableHandlerMethod.doInvoke(InvocableHandlerMethod.java:207) ~[spring-web-6.0.10.jar:6.0.10]
	at org.springframework.web.method.support.InvocableHandlerMethod.invokeForRequest(InvocableHandlerMethod.java:152) ~[spring-web-6.0.10.jar:6.0.10]
	at org.springframework.web.servlet.mvc.method.annotation.ServletInvocableHandlerMethod.invokeAndHandle(ServletInvocableHandlerMethod.java:118) ~[spring-webmvc-6.0.10.jar:6.0.10]
	at org.springframework.web.servlet.mvc.method.annotation.RequestMappingHandlerAdapter.invokeHandlerMethod(RequestMappingHandlerAdapter.java:884) ~[spring-webmvc-6.0.10.jar:6.0.10]
	at org.springframework.web.servlet.mvc.method.annotation.RequestMappingHandlerAdapter.handleInternal(RequestMappingHandlerAdapter.java:797) ~[spring-webmvc-6.0.10.jar:6.0.10]
	at org.springframework.web.servlet.mvc.method.AbstractHandlerMethodAdapter.handle(AbstractHandlerMethodAdapter.java:87) ~[spring-webmvc-6.0.10.jar:6.0.10]
	at org.springframework.web.servlet.DispatcherServlet.doDispatch(DispatcherServlet.java:1081) ~[spring-webmvc-6.0.10.jar:6.0.10]
	at org.springframework.web.servlet.DispatcherServlet.doService(DispatcherServlet.java:974) ~[spring-webmvc-6.0.10.jar:6.0.10]
	at org.springframework.web.servlet.FrameworkServlet.processRequest(FrameworkServlet.java:1011) ~[spring-webmvc-6.0.10.jar:6.0.10]
	at org.springframework.web.servlet.FrameworkServlet.doPost(FrameworkServlet.java:914) ~[spring-webmvc-6.0.10.jar:6.0.10]
	at jakarta.servlet.http.HttpServlet.service(HttpServlet.java:590) ~[tomcat-embed-core-10.1.10.jar:6.0]
	at org.springframework.web.servlet.FrameworkServlet.service(FrameworkServlet.java:885) ~[spring-webmvc-6.0.10.jar:6.0.10]
	at jakarta.servlet.http.HttpServlet.service(HttpServlet.java:658) ~[tomcat-embed-core-10.1.10.jar:6.0]
	at org.apache.catalina.core.ApplicationFilterChain.internalDoFilter(ApplicationFilterChain.java:205) ~[tomcat-embed-core-10.1.10.jar:10.1.10]
	at org.apache.catalina.core.ApplicationFilterChain.doFilter(ApplicationFilterChain.java:149) ~[tomcat-embed-core-10.1.10.jar:10.1.10]
	at org.apache.tomcat.websocket.server.WsFilter.doFilter(WsFilter.java:51) ~[tomcat-embed-websocket-10.1.10.jar:10.1.10]
	at org.apache.catalina.core.ApplicationFilterChain.internalDoFilter(ApplicationFilterChain.java:174) ~[tomcat-embed-core-10.1.10.jar:10.1.10]
	at org.apache.catalina.core.ApplicationFilterChain.doFilter(ApplicationFilterChain.java:149) ~[tomcat-embed-core-10.1.10.jar:10.1.10]
	at org.springframework.web.filter.RequestContextFilter.doFilterInternal(RequestContextFilter.java:100) ~[spring-web-6.0.10.jar:6.0.10]
	at org.springframework.web.filter.OncePerRequestFilter.doFilter(OncePerRequestFilter.java:116) ~[spring-web-6.0.10.jar:6.0.10]
	at org.apache.catalina.core.ApplicationFilterChain.internalDoFilter(ApplicationFilterChain.java:174) ~[tomcat-embed-core-10.1.10.jar:10.1.10]
	at org.apache.catalina.core.ApplicationFilterChain.doFilter(ApplicationFilterChain.java:149) ~[tomcat-embed-core-10.1.10.jar:10.1.10]
	at org.springframework.web.filter.FormContentFilter.doFilterInternal(FormContentFilter.java:93) ~[spring-web-6.0.10.jar:6.0.10]
	at org.springframework.web.filter.OncePerRequestFilter.doFilter(OncePerRequestFilter.java:116) ~[spring-web-6.0.10.jar:6.0.10]
	at org.apache.catalina.core.ApplicationFilterChain.internalDoFilter(ApplicationFilterChain.java:174) ~[tomcat-embed-core-10.1.10.jar:10.1.10]
	at org.apache.catalina.core.ApplicationFilterChain.doFilter(ApplicationFilterChain.java:149) ~[tomcat-embed-core-10.1.10.jar:10.1.10]
	at org.springframework.web.filter.CharacterEncodingFilter.doFilterInternal(CharacterEncodingFilter.java:201) ~[spring-web-6.0.10.jar:6.0.10]
	at org.springframework.web.filter.OncePerRequestFilter.doFilter(OncePerRequestFilter.java:116) ~[spring-web-6.0.10.jar:6.0.10]
	at org.apache.catalina.core.ApplicationFilterChain.internalDoFilter(ApplicationFilterChain.java:174) ~[tomcat-embed-core-10.1.10.jar:10.1.10]
	at org.apache.catalina.core.ApplicationFilterChain.doFilter(ApplicationFilterChain.java:149) ~[tomcat-embed-core-10.1.10.jar:10.1.10]
	at org.apache.catalina.core.StandardWrapperValve.invoke(StandardWrapperValve.java:166) ~[tomcat-embed-core-10.1.10.jar:10.1.10]
	at org.apache.catalina.core.StandardContextValve.invoke(StandardContextValve.java:90) ~[tomcat-embed-core-10.1.10.jar:10.1.10]
	at org.apache.catalina.authenticator.AuthenticatorBase.invoke(AuthenticatorBase.java:482) ~[tomcat-embed-core-10.1.10.jar:10.1.10]
	at org.apache.catalina.core.StandardHostValve.invoke(StandardHostValve.java:115) ~[tomcat-embed-core-10.1.10.jar:10.1.10]
	at org.apache.catalina.valves.ErrorReportValve.invoke(ErrorReportValve.java:93) ~[tomcat-embed-core-10.1.10.jar:10.1.10]
	at org.apache.catalina.core.StandardEngineValve.invoke(StandardEngineValve.java:74) ~[tomcat-embed-core-10.1.10.jar:10.1.10]
	at org.apache.catalina.connector.CoyoteAdapter.service(CoyoteAdapter.java:341) ~[tomcat-embed-core-10.1.10.jar:10.1.10]
	at org.apache.coyote.http11.Http11Processor.service(Http11Processor.java:391) ~[tomcat-embed-core-10.1.10.jar:10.1.10]
	at org.apache.coyote.AbstractProcessorLight.process(AbstractProcessorLight.java:63) ~[tomcat-embed-core-10.1.10.jar:10.1.10]
	at org.apache.coyote.AbstractProtocol$ConnectionHandler.process(AbstractProtocol.java:894) ~[tomcat-embed-core-10.1.10.jar:10.1.10]
	at org.apache.tomcat.util.net.NioEndpoint$SocketProcessor.doRun(NioEndpoint.java:1741) ~[tomcat-embed-core-10.1.10.jar:10.1.10]
	at org.apache.tomcat.util.net.SocketProcessorBase.run(SocketProcessorBase.java:52) ~[tomcat-embed-core-10.1.10.jar:10.1.10]
	at org.apache.tomcat.util.threads.ThreadPoolExecutor.runWorker(ThreadPoolExecutor.java:1191) ~[tomcat-embed-core-10.1.10.jar:10.1.10]
	at org.apache.tomcat.util.threads.ThreadPoolExecutor$Worker.run(ThreadPoolExecutor.java:659) ~[tomcat-embed-core-10.1.10.jar:10.1.10]
	at org.apache.tomcat.util.threads.TaskThread$WrappingRunnable.run(TaskThread.java:61) ~[tomcat-embed-core-10.1.10.jar:10.1.10]
	at java.base/java.lang.Thread.run(Thread.java:833) ~[na:na]

2024-08-01T20:37:04.672-03:00  INFO 15240 --- [RMI TCP Connection(26)-127.0.0.1] inMXBeanRegistrar$SpringApplicationAdmin : Application shutdown requested.
2024-08-01T20:37:05.097-03:00  INFO 15240 --- [RMI TCP Connection(26)-127.0.0.1] o.apache.catalina.core.StandardService   : Stopping service [Tomcat]
2024-08-01T20:37:05.140-03:00  INFO 15240 --- [RMI TCP Connection(26)-127.0.0.1] o.a.c.c.C.[Tomcat].[localhost].[/api]    : Destroying Spring FrameworkServlet 'dispatcherServlet'
2024-08-01T20:37:23.750-03:00  INFO 9420 --- [main] c.g.j.apiusuario.ApiUsuarioApplication   : Starting ApiUsuarioApplication using Java 17.0.7 with PID 9420 (C:\wakanda\microservicos\ms-helph-desk\api-usuario\target\classes started by joane in C:\wakanda\microservicos\ms-helph-desk\api-usuario)
2024-08-01T20:37:23.756-03:00 DEBUG 9420 --- [main] c.g.j.apiusuario.ApiUsuarioApplication   : Running with Spring Boot v3.0.8, Spring v6.0.10
2024-08-01T20:37:23.758-03:00  INFO 9420 --- [main] c.g.j.apiusuario.ApiUsuarioApplication   : No active profile set, falling back to 1 default profile: "default"
2024-08-01T20:37:27.786-03:00  INFO 9420 --- [main] .s.d.r.c.RepositoryConfigurationDelegate : Bootstrapping Spring Data MongoDB repositories in DEFAULT mode.
2024-08-01T20:37:28.149-03:00  INFO 9420 --- [main] .s.d.r.c.RepositoryConfigurationDelegate : Finished Spring Data repository scanning in 341 ms. Found 2 MongoDB repository interfaces.
2024-08-01T20:37:29.740-03:00  INFO 9420 --- [main] o.s.b.w.embedded.tomcat.TomcatWebServer  : Tomcat initialized with port(s): 8081 (http)
2024-08-01T20:37:29.772-03:00  INFO 9420 --- [main] o.apache.catalina.core.StandardService   : Starting service [Tomcat]
2024-08-01T20:37:29.773-03:00  INFO 9420 --- [main] o.apache.catalina.core.StandardEngine    : Starting Servlet engine: [Apache Tomcat/10.1.10]
2024-08-01T20:37:30.124-03:00  INFO 9420 --- [main] o.a.c.c.C.[Tomcat].[localhost].[/api]    : Initializing Spring embedded WebApplicationContext
2024-08-01T20:37:30.172-03:00  INFO 9420 --- [main] w.s.c.ServletWebServerApplicationContext : Root WebApplicationContext: initialization completed in 6150 ms
2024-08-01T20:37:31.564-03:00  INFO 9420 --- [cluster-ClusterId{value='66ac1c3bcf2f292a73ecaba4', description='null'}-srv-wakandadev.cjsar7m.mongodb.net] org.mongodb.driver.cluster               : Adding discovered server ac-kpqphgb-shard-00-00.cjsar7m.mongodb.net:27017 to client view of cluster
2024-08-01T20:37:31.648-03:00  INFO 9420 --- [cluster-ClusterId{value='66ac1c3bcf2f292a73ecaba4', description='null'}-srv-wakandadev.cjsar7m.mongodb.net] org.mongodb.driver.cluster               : Adding discovered server ac-kpqphgb-shard-00-02.cjsar7m.mongodb.net:27017 to client view of cluster
2024-08-01T20:37:31.650-03:00  INFO 9420 --- [cluster-ClusterId{value='66ac1c3bcf2f292a73ecaba4', description='null'}-srv-wakandadev.cjsar7m.mongodb.net] org.mongodb.driver.cluster               : Adding discovered server ac-kpqphgb-shard-00-01.cjsar7m.mongodb.net:27017 to client view of cluster
2024-08-01T20:37:31.729-03:00  INFO 9420 --- [main] org.mongodb.driver.client                : MongoClient with metadata {"driver": {"name": "mongo-java-driver|sync|spring-boot", "version": "4.8.2"}, "os": {"type": "Windows", "name": "Windows 11", "architecture": "amd64", "version": "10.0"}, "platform": "Java/Eclipse Adoptium/17.0.7+7"} created with settings MongoClientSettings{readPreference=primary, writeConcern=WriteConcern{w=majority, wTimeout=null ms, journal=null}, retryWrites=true, retryReads=true, readConcern=ReadConcern{level=null}, credential=MongoCredential{mechanism=null, userName='helpDesk', source='admin', password=<hidden>, mechanismProperties=<hidden>}, streamFactoryFactory=null, commandListeners=[], codecRegistry=ProvidersCodecRegistry{codecProviders=[ValueCodecProvider{}, BsonValueCodecProvider{}, DBRefCodecProvider{}, DBObjectCodecProvider{}, DocumentCodecProvider{}, CollectionCodecProvider{}, IterableCodecProvider{}, MapCodecProvider{}, GeoJsonCodecProvider{}, GridFSFileCodecProvider{}, Jsr310CodecProvider{}, JsonObjectCodecProvider{}, BsonCodecProvider{}, EnumCodecProvider{}, com.mongodb.Jep395RecordCodecProvider@4b55ff0a]}, clusterSettings={hosts=[127.0.0.1:27017], srvHost=wakandadev.cjsar7m.mongodb.net, srvServiceName=mongodb, mode=MULTIPLE, requiredClusterType=REPLICA_SET, requiredReplicaSetName='atlas-lus7r7-shard-0', serverSelector='null', clusterListeners='[]', serverSelectionTimeout='30000 ms', localThreshold='30000 ms'}, socketSettings=SocketSettings{connectTimeoutMS=10000, readTimeoutMS=0, receiveBufferSize=0, sendBufferSize=0}, heartbeatSocketSettings=SocketSettings{connectTimeoutMS=10000, readTimeoutMS=10000, receiveBufferSize=0, sendBufferSize=0}, connectionPoolSettings=ConnectionPoolSettings{maxSize=100, minSize=0, maxWaitTimeMS=120000, maxConnectionLifeTimeMS=0, maxConnectionIdleTimeMS=0, maintenanceInitialDelayMS=0, maintenanceFrequencyMS=60000, connectionPoolListeners=[], maxConnecting=2}, serverSettings=ServerSettings{heartbeatFrequencyMS=10000, minHeartbeatFrequencyMS=500, serverListeners='[]', serverMonitorListeners='[]'}, sslSettings=SslSettings{enabled=true, invalidHostNameAllowed=false, context=null}, applicationName='null', compressorList=[], uuidRepresentation=JAVA_LEGACY, serverApi=null, autoEncryptionSettings=null, contextProvider=null}
2024-08-01T20:37:32.773-03:00  INFO 9420 --- [cluster-ClusterId{value='66ac1c3bcf2f292a73ecaba4', description='null'}-ac-kpqphgb-shard-00-01.cjsar7m.mongodb.net:27017] org.mongodb.driver.cluster               : Monitor thread successfully connected to server with description ServerDescription{address=ac-kpqphgb-shard-00-01.cjsar7m.mongodb.net:27017, type=REPLICA_SET_SECONDARY, state=CONNECTED, ok=true, minWireVersion=0, maxWireVersion=21, maxDocumentSize=16777216, logicalSessionTimeoutMinutes=30, roundTripTimeNanos=413334100, setName='atlas-lus7r7-shard-0', canonicalAddress=ac-kpqphgb-shard-00-01.cjsar7m.mongodb.net:27017, hosts=[ac-kpqphgb-shard-00-00.cjsar7m.mongodb.net:27017, ac-kpqphgb-shard-00-01.cjsar7m.mongodb.net:27017, ac-kpqphgb-shard-00-02.cjsar7m.mongodb.net:27017], passives=[], arbiters=[], primary='ac-kpqphgb-shard-00-02.cjsar7m.mongodb.net:27017', tagSet=TagSet{[Tag{name='availabilityZone', value='sae1-az3'}, Tag{name='diskState', value='READY'}, Tag{name='nodeType', value='ELECTABLE'}, Tag{name='provider', value='AWS'}, Tag{name='region', value='SA_EAST_1'}, Tag{name='workloadType', value='OPERATIONAL'}]}, electionId=null, setVersion=6, topologyVersion=TopologyVersion{processId=6685939b15a94ba4e7b8420b, counter=3}, lastWriteDate=Thu Aug 01 20:37:31 BRT 2024, lastUpdateTimeNanos=292075425448900}
2024-08-01T20:37:32.773-03:00  INFO 9420 --- [cluster-ClusterId{value='66ac1c3bcf2f292a73ecaba4', description='null'}-ac-kpqphgb-shard-00-00.cjsar7m.mongodb.net:27017] org.mongodb.driver.cluster               : Monitor thread successfully connected to server with description ServerDescription{address=ac-kpqphgb-shard-00-00.cjsar7m.mongodb.net:27017, type=REPLICA_SET_SECONDARY, state=CONNECTED, ok=true, minWireVersion=0, maxWireVersion=21, maxDocumentSize=16777216, logicalSessionTimeoutMinutes=30, roundTripTimeNanos=413495100, setName='atlas-lus7r7-shard-0', canonicalAddress=ac-kpqphgb-shard-00-00.cjsar7m.mongodb.net:27017, hosts=[ac-kpqphgb-shard-00-00.cjsar7m.mongodb.net:27017, ac-kpqphgb-shard-00-01.cjsar7m.mongodb.net:27017, ac-kpqphgb-shard-00-02.cjsar7m.mongodb.net:27017], passives=[], arbiters=[], primary='ac-kpqphgb-shard-00-02.cjsar7m.mongodb.net:27017', tagSet=TagSet{[Tag{name='availabilityZone', value='sae1-az1'}, Tag{name='diskState', value='READY'}, Tag{name='nodeType', value='ELECTABLE'}, Tag{name='provider', value='AWS'}, Tag{name='region', value='SA_EAST_1'}, Tag{name='workloadType', value='OPERATIONAL'}]}, electionId=null, setVersion=6, topologyVersion=TopologyVersion{processId=668592f70598a61acd24edc7, counter=4}, lastWriteDate=Thu Aug 01 20:37:31 BRT 2024, lastUpdateTimeNanos=292075425536800}
2024-08-01T20:37:32.820-03:00  INFO 9420 --- [cluster-ClusterId{value='66ac1c3bcf2f292a73ecaba4', description='null'}-ac-kpqphgb-shard-00-02.cjsar7m.mongodb.net:27017] org.mongodb.driver.cluster               : Monitor thread successfully connected to server with description ServerDescription{address=ac-kpqphgb-shard-00-02.cjsar7m.mongodb.net:27017, type=REPLICA_SET_PRIMARY, state=CONNECTED, ok=true, minWireVersion=0, maxWireVersion=21, maxDocumentSize=16777216, logicalSessionTimeoutMinutes=30, roundTripTimeNanos=461842900, setName='atlas-lus7r7-shard-0', canonicalAddress=ac-kpqphgb-shard-00-02.cjsar7m.mongodb.net:27017, hosts=[ac-kpqphgb-shard-00-00.cjsar7m.mongodb.net:27017, ac-kpqphgb-shard-00-01.cjsar7m.mongodb.net:27017, ac-kpqphgb-shard-00-02.cjsar7m.mongodb.net:27017], passives=[], arbiters=[], primary='ac-kpqphgb-shard-00-02.cjsar7m.mongodb.net:27017', tagSet=TagSet{[Tag{name='availabilityZone', value='sae1-az2'}, Tag{name='diskState', value='READY'}, Tag{name='nodeType', value='ELECTABLE'}, Tag{name='provider', value='AWS'}, Tag{name='region', value='SA_EAST_1'}, Tag{name='workloadType', value='OPERATIONAL'}]}, electionId=7fffffff0000000000000075, setVersion=6, topologyVersion=TopologyVersion{processId=6685934899b22c5c3c69b259, counter=6}, lastWriteDate=Thu Aug 01 20:37:31 BRT 2024, lastUpdateTimeNanos=292075474023800}
2024-08-01T20:37:32.832-03:00  INFO 9420 --- [cluster-ClusterId{value='66ac1c3bcf2f292a73ecaba4', description='null'}-ac-kpqphgb-shard-00-02.cjsar7m.mongodb.net:27017] org.mongodb.driver.cluster               : Discovered replica set primary ac-kpqphgb-shard-00-02.cjsar7m.mongodb.net:27017 with max election id 7fffffff0000000000000075 and max set version 6
2024-08-01T20:37:38.221-03:00  INFO 9420 --- [main] o.s.b.w.embedded.tomcat.TomcatWebServer  : Tomcat started on port(s): 8081 (http) with context path '/api'
2024-08-01T20:37:38.395-03:00  INFO 9420 --- [main] c.g.j.apiusuario.ApiUsuarioApplication   : Started ApiUsuarioApplication in 15.736 seconds (process running for 24.509)
2024-08-01T20:37:59.608-03:00  INFO 9420 --- [http-nio-8081-exec-1] o.a.c.c.C.[Tomcat].[localhost].[/api]    : Initializing Spring DispatcherServlet 'dispatcherServlet'
2024-08-01T20:37:59.612-03:00  INFO 9420 --- [http-nio-8081-exec-1] o.s.web.servlet.DispatcherServlet        : Initializing Servlet 'dispatcherServlet'
2024-08-01T20:37:59.615-03:00  INFO 9420 --- [http-nio-8081-exec-1] o.s.web.servlet.DispatcherServlet        : Completed initialization in 2 ms
2024-08-01T20:38:00.164-03:00 DEBUG 9420 --- [http-nio-8081-exec-1] c.g.j.a.u.a.api.UsuarioRestController    : [start] UsuarioRestController - criaNovoUsuario
2024-08-01T20:38:00.165-03:00 DEBUG 9420 --- [http-nio-8081-exec-1] c.g.j.a.u.a.s.UsuarioApplicationService  : [start] UsuarioApplicationService - criaNovoUsuario
2024-08-01T20:38:00.189-03:00 DEBUG 9420 --- [http-nio-8081-exec-1] c.g.j.a.u.a.s.UsuarioApplicationService  : [usuarioRequest] UsuarioNovoRequest[nome=Joao Silva, email=admin@email.com, senha=123456, perfil=ADMIN]
2024-08-01T20:38:00.196-03:00 DEBUG 9420 --- [http-nio-8081-exec-1] c.g.j.a.u.infra.UsuarioInfraRepository   : [start] UsuarioInfraRepository - salva
2024-08-01T20:38:00.415-03:00 DEBUG 9420 --- [http-nio-8081-exec-1] c.g.j.a.u.infra.UsuarioInfraRepository   : [finish] UsuarioInfraRepository - salva
2024-08-01T20:38:00.801-03:00 DEBUG 9420 --- [http-nio-8081-exec-1] .j.a.c.a.s.CrendencialApplicationService : [inicia] CrendencialService - criaNovaCredencial
2024-08-01T20:38:00.806-03:00 DEBUG 9420 --- [http-nio-8081-exec-1] c.g.j.a.c.i.CredencialRepositoryMongoDB  : [start] CredencialRepositoryMongoDB - salva
2024-08-01T20:38:00.878-03:00 DEBUG 9420 --- [http-nio-8081-exec-1] c.g.j.a.c.i.CredencialRepositoryMongoDB  : [finish] CredencialRepositoryMongoDB - salva
2024-08-01T20:38:00.880-03:00 DEBUG 9420 --- [http-nio-8081-exec-1] .j.a.c.a.s.CrendencialApplicationService : [finaliza] CrendencialService - criaNovaCredencial
2024-08-01T20:38:00.880-03:00 DEBUG 9420 --- [http-nio-8081-exec-1] c.g.j.a.u.a.s.UsuarioApplicationService  : [finish] UsuarioApplicationService - criaNovoUsuario
2024-08-01T20:38:00.880-03:00 DEBUG 9420 --- [http-nio-8081-exec-1] c.g.j.a.u.a.api.UsuarioRestController    : [finish] UsuarioRestController - criaNovoUsuario
2024-08-01T21:21:00.280-03:00  WARN 9420 --- [http-nio-8081-exec-3] .w.s.m.s.DefaultHandlerExceptionResolver : Resolved [org.springframework.web.bind.MethodArgumentNotValidException: Validation failed for argument [0] in public com.github.joanersoncosta.apiusuario.usuario.application.api.response.UsuarioNovoResponse com.github.joanersoncosta.apiusuario.usuario.application.api.UsuarioRestController.criaNovoUsuario(com.github.joanersoncosta.hdcommonslib.usuario.domain.request.UsuarioNovoRequest) with 2 errors: [Field error in object 'usuarioNovoRequest' on field 'email': rejected value [null]; codes [NotBlank.usuarioNovoRequest.email,NotBlank.email,NotBlank.java.lang.String,NotBlank]; arguments [org.springframework.context.support.DefaultMessageSourceResolvable: codes [usuarioNovoRequest.email,email]; arguments []; default message [email]]; default message [Campo email n達o pode estar em branco.]] [Field error in object 'usuarioNovoRequest' on field 'nome': rejected value [null]; codes [NotBlank.usuarioNovoRequest.nome,NotBlank.nome,NotBlank.java.lang.String,NotBlank]; arguments [org.springframework.context.support.DefaultMessageSourceResolvable: codes [usuarioNovoRequest.nome,nome]; arguments []; default message [nome]]; default message [Campo nome n達o pode estar em branco.]] ]
2024-08-01T21:21:30.467-03:00  WARN 9420 --- [http-nio-8081-exec-4] .w.s.m.s.DefaultHandlerExceptionResolver : Resolved [org.springframework.web.bind.MethodArgumentNotValidException: Validation failed for argument [0] in public com.github.joanersoncosta.apiusuario.usuario.application.api.response.UsuarioNovoResponse com.github.joanersoncosta.apiusuario.usuario.application.api.UsuarioRestController.criaNovoUsuario(com.github.joanersoncosta.hdcommonslib.usuario.domain.request.UsuarioNovoRequest) with 2 errors: [Field error in object 'usuarioNovoRequest' on field 'email': rejected value [null]; codes [NotBlank.usuarioNovoRequest.email,NotBlank.email,NotBlank.java.lang.String,NotBlank]; arguments [org.springframework.context.support.DefaultMessageSourceResolvable: codes [usuarioNovoRequest.email,email]; arguments []; default message [email]]; default message [Campo email n達o pode estar em branco.]] [Field error in object 'usuarioNovoRequest' on field 'nome': rejected value [null]; codes [NotBlank.usuarioNovoRequest.nome,NotBlank.nome,NotBlank.java.lang.String,NotBlank]; arguments [org.springframework.context.support.DefaultMessageSourceResolvable: codes [usuarioNovoRequest.nome,nome]; arguments []; default message [nome]]; default message [Campo nome n達o pode estar em branco.]] ]
2024-08-01T21:30:36.651-03:00  INFO 9420 --- [RMI TCP Connection(66)-127.0.0.1] inMXBeanRegistrar$SpringApplicationAdmin : Application shutdown requested.
2024-08-01T21:30:38.403-03:00  INFO 9420 --- [RMI TCP Connection(66)-127.0.0.1] o.apache.catalina.core.StandardService   : Stopping service [Tomcat]
2024-08-01T21:30:38.482-03:00  INFO 9420 --- [RMI TCP Connection(66)-127.0.0.1] o.a.c.c.C.[Tomcat].[localhost].[/api]    : Destroying Spring FrameworkServlet 'dispatcherServlet'
